билд_на_Android_Studio/app44/launcher/build/intermediates/manifest_merge_blame_file/debug/manifest-merger-blame-debug-report.txt
1<?xml version="1.0" encoding="utf-8"?>
2<manifest xmlns:android="http://schemas.android.com/apk/res/android"
3    package="com.sam.sapiol"
4    android:installLocation="preferExternal"
5    android:versionCode="1"
6    android:versionName="1.0" >
7
8    <uses-sdk
9        android:minSdkVersion="22"
9-->src\main\AndroidManifest.xml
10        android:targetSdkVersion="30" />
10-->src\main\AndroidManifest.xml
11
12    <supports-screens
12-->src\main\AndroidManifest.xml:3:3-163
13        android:anyDensity="true"
13-->src\main\AndroidManifest.xml:3:135-160
14        android:largeScreens="true"
14-->src\main\AndroidManifest.xml:3:78-105
15        android:normalScreens="true"
15-->src\main\AndroidManifest.xml:3:49-77
16        android:smallScreens="true"
16-->src\main\AndroidManifest.xml:3:21-48
17        android:xlargeScreens="true" />
17-->src\main\AndroidManifest.xml:3:106-134
18
19    <uses-feature android:glEsVersion="0x00020000" />
19-->[:unityLibrary] AndroidManifest.xml:12:5-54
19-->[:unityLibrary] AndroidManifest.xml:12:19-51
20
21    <uses-permission android:name="android.permission.INTERNET" />
21-->[:unityLibrary] AndroidManifest.xml:14:5-67
21-->[:unityLibrary] AndroidManifest.xml:14:22-64
22    <uses-permission android:name="android.permission.CHANGE_WIFI_MULTICAST_STATE" />
22-->[:unityLibrary] AndroidManifest.xml:15:5-86
22-->[:unityLibrary] AndroidManifest.xml:15:22-83
23
24    <uses-feature
24-->[:unityLibrary] AndroidManifest.xml:17:5-19:36
25        android:name="android.hardware.sensor.accelerometer"
25-->[:unityLibrary] AndroidManifest.xml:18:9-61
26        android:required="false" />
26-->[:unityLibrary] AndroidManifest.xml:19:9-33
27    <uses-feature
27-->[:unityLibrary] AndroidManifest.xml:20:5-22:36
28        android:name="android.hardware.touchscreen"
28-->[:unityLibrary] AndroidManifest.xml:21:9-52
29        android:required="false" />
29-->[:unityLibrary] AndroidManifest.xml:22:9-33
30    <uses-feature
30-->[:unityLibrary] AndroidManifest.xml:23:5-25:36
31        android:name="android.hardware.touchscreen.multitouch"
31-->[:unityLibrary] AndroidManifest.xml:24:9-63
32        android:required="false" />
32-->[:unityLibrary] AndroidManifest.xml:25:9-33
33    <uses-feature
33-->[:unityLibrary] AndroidManifest.xml:26:5-28:36
34        android:name="android.hardware.touchscreen.multitouch.distinct"
34-->[:unityLibrary] AndroidManifest.xml:27:9-72
35        android:required="false" />
35-->[:unityLibrary] AndroidManifest.xml:28:9-33
36
37    <application
37-->src\main\AndroidManifest.xml:4:3-121
38        android:banner="@drawable/app_banner"
38-->src\main\AndroidManifest.xml:4:81-118
39        android:debuggable="true"
40        android:extractNativeLibs="true"
40-->[:unityLibrary] AndroidManifest.xml:31:9-41
41        android:icon="@mipmap/app_icon"
41-->src\main\AndroidManifest.xml:4:49-80
42        android:isGame="true"
42-->[:unityLibrary] AndroidManifest.xml:32:9-30
43        android:label="@string/app_name" >
43-->src\main\AndroidManifest.xml:4:16-48
44        <activity
44-->[:unityLibrary] AndroidManifest.xml:33:9-54:20
45            android:name="com.unity3d.player.UnityPlayerActivity"
45-->[:unityLibrary] AndroidManifest.xml:34:13-66
46            android:configChanges="mcc|mnc|locale|touchscreen|keyboard|keyboardHidden|navigation|orientation|screenLayout|uiMode|screenSize|smallestScreenSize|fontScale|layoutDirection|density"
46-->[:unityLibrary] AndroidManifest.xml:35:13-194
47            android:hardwareAccelerated="false"
47-->[:unityLibrary] AndroidManifest.xml:36:13-48
48            android:launchMode="singleTask"
48-->[:unityLibrary] AndroidManifest.xml:37:13-44
49            android:resizeableActivity="false"
49-->[:unityLibrary] AndroidManifest.xml:38:13-47
50            android:screenOrientation="landscape"
50-->[:unityLibrary] AndroidManifest.xml:39:13-50
51            android:theme="@style/UnityThemeSelector" >
51-->[:unityLibrary] AndroidManifest.xml:40:13-54
52            <intent-filter>
52-->[:unityLibrary] AndroidManifest.xml:41:13-46:29
53                <action android:name="android.intent.action.MAIN" />
53-->[:unityLibrary] AndroidManifest.xml:42:17-69
53-->[:unityLibrary] AndroidManifest.xml:42:25-66
54
55                <category android:name="android.intent.category.LAUNCHER" />
55-->[:unityLibrary] AndroidManifest.xml:44:17-77
55-->[:unityLibrary] AndroidManifest.xml:44:27-74
56                <category android:name="android.intent.category.LEANBACK_LAUNCHER" />
56-->[:unityLibrary] AndroidManifest.xml:45:17-86
56-->[:unityLibrary] AndroidManifest.xml:45:27-83
57            </intent-filter>
58
59            <meta-data
59-->[:unityLibrary] AndroidManifest.xml:48:13-50:40
60                android:name="unityplayer.UnityActivity"
60-->[:unityLibrary] AndroidManifest.xml:49:17-57
61                android:value="true" />
61-->[:unityLibrary] AndroidManifest.xml:50:17-37
62            <meta-data
62-->[:unityLibrary] AndroidManifest.xml:51:13-53:40
63                android:name="android.notch_support"
63-->[:unityLibrary] AndroidManifest.xml:52:17-53
64                android:value="true" />
64-->[:unityLibrary] AndroidManifest.xml:53:17-37
65        </activity>
66
67        <meta-data
67-->[:unityLibrary] AndroidManifest.xml:56:9-58:33
68            android:name="unity.splash-mode"
68-->[:unityLibrary] AndroidManifest.xml:57:13-45
69            android:value="0" />
69-->[:unityLibrary] AndroidManifest.xml:58:13-30
70        <meta-data
70-->[:unityLibrary] AndroidManifest.xml:59:9-61:36
71            android:name="unity.splash-enable"
71-->[:unityLibrary] AndroidManifest.xml:60:13-47
72            android:value="True" />
72-->[:unityLibrary] AndroidManifest.xml:61:13-33
73        <meta-data
73-->[:unityLibrary] AndroidManifest.xml:62:9-64:36
74            android:name="unity.launch-fullscreen"
74-->[:unityLibrary] AndroidManifest.xml:63:13-51
75            android:value="True" />
75-->[:unityLibrary] AndroidManifest.xml:64:13-33
76        <meta-data
76-->[:unityLibrary] AndroidManifest.xml:65:9-67:37
77            android:name="unity.allow-resizable-window"
77-->[:unityLibrary] AndroidManifest.xml:66:13-56
78            android:value="False" />
78-->[:unityLibrary] AndroidManifest.xml:67:13-34
79        <meta-data
79-->[:unityLibrary] AndroidManifest.xml:68:9-70:50
80            android:name="notch.config"
80-->[:unityLibrary] AndroidManifest.xml:69:13-40
81            android:value="portrait|landscape" />
81-->[:unityLibrary] AndroidManifest.xml:70:13-47
82        <meta-data
82-->[:unityLibrary] AndroidManifest.xml:71:9-73:36
83            android:name="unity.auto-report-fully-drawn"
83-->[:unityLibrary] AndroidManifest.xml:72:13-57
84            android:value="true" />
84-->[:unityLibrary] AndroidManifest.xml:73:13-33
85    </application>
86
87</manifest>